<?xml version="1.0" encoding="UTF-8"?>
<!-- Generated by org.testng.reporters.JUnitReportReporter -->
<testsuite hostname="Walky-Delta" failures="0" tests="2" name="testgroupid.TestMavenProject.SeleniumTest" time="0.008" errors="0" timestamp="2020-06-11T15:09:07 GMT-04:00" skipped="0">
  <testcase classname="testgroupid.TestMavenProject.SeleniumTest" name="M3" time="0.002"/>
  <system-out/>
  <testcase classname="testgroupid.TestMavenProject.SeleniumTest" name="M4" time="0.006"/>
  <system-out/>
</testsuite> <!-- testgroupid.TestMavenProject.SeleniumTest -->
