<?xml version="1.0" encoding="UTF-8"?>
<!-- Generated by org.testng.reporters.JUnitReportReporter -->
<testsuite hostname="Walky-Delta" failures="0" tests="2" name="testgroupid.TestMavenProject.RestAssuredTest" time="0.000" errors="0" timestamp="2020-06-11T15:57:28 GMT-04:00" skipped="0">
  <testcase classname="testgroupid.TestMavenProject.RestAssuredTest" name="M1" time="0.000"/>
  <system-out/>
  <testcase classname="testgroupid.TestMavenProject.RestAssuredTest" name="M2" time="0.000"/>
  <system-out/>
</testsuite> <!-- testgroupid.TestMavenProject.RestAssuredTest -->
