<?xml version="1.0" encoding="UTF-8"?>
<!-- Generated by org.testng.reporters.JUnitReportReporter -->
<testsuite hostname="Walky-Delta" failures="0" tests="2" name="testgroupid.TestMavenProject.AppiumTest" time="0.007" errors="0" timestamp="2020-06-11T15:57:28 GMT-04:00" skipped="0">
  <testcase classname="testgroupid.TestMavenProject.AppiumTest" name="M5" time="0.007"/>
  <system-out/>
  <testcase classname="testgroupid.TestMavenProject.AppiumTest" name="M6" time="0.000"/>
  <system-out/>
</testsuite> <!-- testgroupid.TestMavenProject.AppiumTest -->
